#
# There is insufficient memory for the Java Runtime Environment to continue.
# Native memory allocation (malloc) failed to allocate 287856 bytes for Chunk::new
# Possible reasons:
#   The system is out of physical RAM or swap space
#   The process is running with CompressedOops enabled, and the Java Heap may be blocking the growth of the native heap
# Possible solutions:
#   Reduce memory load on the system
#   Increase physical memory or swap space
#   Check if swap backing store is full
#   Decrease Java heap size (-Xmx/-Xms)
#   Decrease number of Java threads
#   Decrease Java thread stack sizes (-Xss)
#   Set larger code cache with -XX:ReservedCodeCacheSize=
#   JVM is running with Unscaled Compressed Oops mode in which the Java heap is
#     placed in the first 4GB address space. The Java Heap base address is the
#     maximum limit for the native heap growth. Please use -XX:HeapBaseMinAddress
#     to set the Java Heap base and to place the Java Heap above 4GB virtual address.
# This output file may be truncated or incomplete.
#
#  Out of Memory Error (allocation.cpp:389), pid=3412, tid=0x0000000000003d9c
#
# JRE version: OpenJDK Runtime Environment (8.0_242-b01) (build 1.8.0_242-release-1644-b01)
# Java VM: OpenJDK 64-Bit Server VM (25.242-b01 mixed mode windows-amd64 compressed oops)
# Failed to write core dump. Minidumps are not enabled by default on client versions of Windows
#

---------------  T H R E A D  ---------------

Current thread (0x00000000156ee800):  JavaThread "C2 CompilerThread1" daemon [_thread_in_native, id=15772, stack(0x0000000016e40000,0x0000000016f40000)]

Stack: [0x0000000016e40000,0x0000000016f40000]
[error occurred during error reporting (printing stack bounds), id 0xc0000005]

Native frames: (J=compiled Java code, j=interpreted, Vv=VM code, C=native code)


Current CompileTask:
C2:   4219 2613       4       org.jetbrains.kotlin.load.java.structure.impl.classFiles.BinaryClassSignatureParser::parseParameterizedClassRefSignature (278 bytes)


---------------  P R O C E S S  ---------------

Java Threads: ( => current thread )
  0x0000000017072000 JavaThread "Service Thread" daemon [_thread_blocked, id=12996, stack(0x0000000017440000,0x0000000017540000)]
  0x000000001570d000 JavaThread "C1 CompilerThread2" daemon [_thread_in_native, id=12952, stack(0x0000000016f40000,0x0000000017040000)]
=>0x00000000156ee800 JavaThread "C2 CompilerThread1" daemon [_thread_in_native, id=15772, stack(0x0000000016e40000,0x0000000016f40000)]
  0x00000000156e7800 JavaThread "C2 CompilerThread0" daemon [_thread_in_native, id=1400, stack(0x0000000016d40000,0x0000000016e40000)]
  0x00000000156e4000 JavaThread "Attach Listener" daemon [_thread_blocked, id=8264, stack(0x0000000016c40000,0x0000000016d40000)]
  0x00000000156e2800 JavaThread "Signal Dispatcher" daemon [_thread_blocked, id=7724, stack(0x0000000016b40000,0x0000000016c40000)]
  0x000000000302b800 JavaThread "Finalizer" daemon [_thread_blocked, id=12128, stack(0x0000000016940000,0x0000000016a40000)]
  0x00000000156c9000 JavaThread "Reference Handler" daemon [_thread_blocked, id=1844, stack(0x0000000016840000,0x0000000016940000)]
  0x00000000030ce800 JavaThread "main" [_thread_in_Java, id=16180, stack(0x0000000001640000,0x0000000001740000)]

Other Threads:
  0x00000000156a6000 VMThread [stack: 0x0000000016740000,0x0000000016840000] [id=13364]
  0x000000001707b000 WatcherThread [stack: 0x0000000017540000,0x0000000017640000] [id=13468]

VM state:not at safepoint (normal execution)

VM Mutex/Monitor currently owned by a thread: None

heap address: 0x00000000c1800000, size: 1000 MB, Compressed Oops mode: 32-bit
Narrow klass base: 0x0000000000000000, Narrow klass shift: 3
Compressed class space size: 1073741824 Address: 0x0000000100000000

Heap:
 PSYoungGen      total 83968K, used 21957K [0x00000000eb300000, 0x00000000f2980000, 0x0000000100000000)
  eden space 64512K, 34% used [0x00000000eb300000,0x00000000ec871768,0x00000000ef200000)
  from space 19456K, 0% used [0x00000000f0480000,0x00000000f0480000,0x00000000f1780000)
  to   space 18944K, 0% used [0x00000000ef200000,0x00000000ef200000,0x00000000f0480000)
 ParOldGen       total 62976K, used 29671K [0x00000000c1800000, 0x00000000c5580000, 0x00000000eb300000)
  object space 62976K, 47% used [0x00000000c1800000,0x00000000c34f9c18,0x00000000c5580000)
 Metaspace       used 37614K, capacity 38186K, committed 38616K, reserved 1083392K
  class space    used 4740K, capacity 4904K, committed 4992K, reserved 1048576K

Card table byte_map: [0x00000000124b0000,0x00000000126b0000] byte_map_base: 0x0000000011ea4000

Marking Bits: (ParMarkBitMap*) 0x0000000073e1f030
 Begin Bits: [0x0000000012c00000, 0x0000000013ba0000)
 End Bits:   [0x0000000013ba0000, 0x0000000014b40000)

Polling page: 0x0000000001120000

CodeCache: size=245760Kb used=8543Kb max_used=8543Kb free=237216Kb
 bounds [0x00000000030f0000, 0x0000000003950000, 0x00000000120f0000]
 total_blobs=3119 nmethods=2644 adapters=388
 compilation: enabled

Compilation events (10 events):
Event: 4.214 Thread 0x000000001570d000 nmethod 2646 0x0000000003940f50 code [0x00000000039410e0, 0x0000000003941528]
Event: 4.215 Thread 0x000000001570d000 2647       1       org.jetbrains.kotlin.metadata.deserialization.BinaryVersion::getMajor (5 bytes)
Event: 4.215 Thread 0x000000001570d000 nmethod 2647 0x000000000393e310 code [0x000000000393e460, 0x000000000393e570]
Event: 4.215 Thread 0x000000001570d000 2648       1       org.jetbrains.kotlin.metadata.deserialization.BinaryVersion::getMinor (5 bytes)
Event: 4.215 Thread 0x000000001570d000 nmethod 2648 0x0000000003943210 code [0x0000000003943360, 0x0000000003943470]
Event: 4.215 Thread 0x000000001570d000 2651       3       org.jetbrains.kotlin.name.FqNameUnsafe::parent (56 bytes)
Event: 4.216 Thread 0x000000001570d000 nmethod 2651 0x0000000003940590 code [0x0000000003940740, 0x0000000003940d38]
Event: 4.217 Thread 0x000000001570d000 2652       3       org.jetbrains.kotlin.com.intellij.util.text.ByteArrayCharSequence::toString (23 bytes)
Event: 4.217 Thread 0x000000001570d000 nmethod 2652 0x0000000003942c50 code [0x0000000003942dc0, 0x00000000039430a8]
Event: 4.217 Thread 0x000000001570d000 2654       3       org.jetbrains.kotlin.name.FqName::topLevel (21 bytes)

GC Heap History (10 events):
Event: 1.871 GC heap before
{Heap before GC invocations=6 (full 1):
 PSYoungGen      total 35328K, used 2528K [0x00000000eb300000, 0x00000000f1500000, 0x0000000100000000)
  eden space 32768K, 0% used [0x00000000eb300000,0x00000000eb300000,0x00000000ed300000)
  from space 2560K, 98% used [0x00000000ed300000,0x00000000ed578030,0x00000000ed580000)
  to   space 17408K, 0% used [0x00000000f0400000,0x00000000f0400000,0x00000000f1500000)
 ParOldGen       total 44032K, used 28440K [0x00000000c1800000, 0x00000000c4300000, 0x00000000eb300000)
  object space 44032K, 64% used [0x00000000c1800000,0x00000000c33c61b0,0x00000000c4300000)
 Metaspace       used 20729K, capacity 21096K, committed 21248K, reserved 1069056K
  class space    used 2375K, capacity 2504K, committed 2560K, reserved 1048576K
Event: 1.964 GC heap after
Heap after GC invocations=6 (full 1):
 PSYoungGen      total 35328K, used 0K [0x00000000eb300000, 0x00000000f1500000, 0x0000000100000000)
  eden space 32768K, 0% used [0x00000000eb300000,0x00000000eb300000,0x00000000ed300000)
  from space 2560K, 0% used [0x00000000ed300000,0x00000000ed300000,0x00000000ed580000)
  to   space 17408K, 0% used [0x00000000f0400000,0x00000000f0400000,0x00000000f1500000)
 ParOldGen       total 62976K, used 22173K [0x00000000c1800000, 0x00000000c5580000, 0x00000000eb300000)
  object space 62976K, 35% used [0x00000000c1800000,0x00000000c2da75f0,0x00000000c5580000)
 Metaspace       used 20729K, capacity 21096K, committed 21248K, reserved 1069056K
  class space    used 2375K, capacity 2504K, committed 2560K, reserved 1048576K
}
Event: 2.535 GC heap before
{Heap before GC invocations=7 (full 1):
 PSYoungGen      total 35328K, used 32768K [0x00000000eb300000, 0x00000000f1500000, 0x0000000100000000)
  eden space 32768K, 100% used [0x00000000eb300000,0x00000000ed300000,0x00000000ed300000)
  from space 2560K, 0% used [0x00000000ed300000,0x00000000ed300000,0x00000000ed580000)
  to   space 17408K, 0% used [0x00000000f0400000,0x00000000f0400000,0x00000000f1500000)
 ParOldGen       total 62976K, used 22173K [0x00000000c1800000, 0x00000000c5580000, 0x00000000eb300000)
  object space 62976K, 35% used [0x00000000c1800000,0x00000000c2da75f0,0x00000000c5580000)
 Metaspace       used 25010K, capacity 25502K, committed 25728K, reserved 1071104K
  class space    used 3210K, capacity 3365K, committed 3456K, reserved 1048576K
Event: 2.549 GC heap after
Heap after GC invocations=7 (full 1):
 PSYoungGen      total 53760K, used 7438K [0x00000000eb300000, 0x00000000f0b80000, 0x0000000100000000)
  eden space 46080K, 0% used [0x00000000eb300000,0x00000000eb300000,0x00000000ee000000)
  from space 7680K, 96% used [0x00000000f0400000,0x00000000f0b43a48,0x00000000f0b80000)
  to   space 15872K, 0% used [0x00000000eec80000,0x00000000eec80000,0x00000000efc00000)
 ParOldGen       total 62976K, used 22181K [0x00000000c1800000, 0x00000000c5580000, 0x00000000eb300000)
  object space 62976K, 35% used [0x00000000c1800000,0x00000000c2da95f0,0x00000000c5580000)
 Metaspace       used 25010K, capacity 25502K, committed 25728K, reserved 1071104K
  class space    used 3210K, capacity 3365K, committed 3456K, reserved 1048576K
}
Event: 3.493 GC heap before
{Heap before GC invocations=8 (full 1):
 PSYoungGen      total 53760K, used 53518K [0x00000000eb300000, 0x00000000f0b80000, 0x0000000100000000)
  eden space 46080K, 100% used [0x00000000eb300000,0x00000000ee000000,0x00000000ee000000)
  from space 7680K, 96% used [0x00000000f0400000,0x00000000f0b43a48,0x00000000f0b80000)
  to   space 15872K, 0% used [0x00000000eec80000,0x00000000eec80000,0x00000000efc00000)
 ParOldGen       total 62976K, used 22181K [0x00000000c1800000, 0x00000000c5580000, 0x00000000eb300000)
  object space 62976K, 35% used [0x00000000c1800000,0x00000000c2da95f0,0x00000000c5580000)
 Metaspace       used 32788K, capacity 33336K, committed 33536K, reserved 1079296K
  class space    used 4142K, capacity 4302K, committed 4352K, reserved 1048576K
Event: 3.516 GC heap after
Heap after GC invocations=8 (full 1):
 PSYoungGen      total 74752K, used 15863K [0x00000000eb300000, 0x00000000f1780000, 0x0000000100000000)
  eden space 58880K, 0% used [0x00000000eb300000,0x00000000eb300000,0x00000000eec80000)
  from space 15872K, 99% used [0x00000000eec80000,0x00000000efbfded0,0x00000000efc00000)
  to   space 19456K, 0% used [0x00000000f0480000,0x00000000f0480000,0x00000000f1780000)
 ParOldGen       total 62976K, used 23253K [0x00000000c1800000, 0x00000000c5580000, 0x00000000eb300000)
  object space 62976K, 36% used [0x00000000c1800000,0x00000000c2eb54c0,0x00000000c5580000)
 Metaspace       used 32788K, capacity 33336K, committed 33536K, reserved 1079296K
  class space    used 4142K, capacity 4302K, committed 4352K, reserved 1048576K
}
Event: 3.727 GC heap before
{Heap before GC invocations=9 (full 1):
 PSYoungGen      total 74752K, used 27714K [0x00000000eb300000, 0x00000000f1780000, 0x0000000100000000)
  eden space 58880K, 20% used [0x00000000eb300000,0x00000000ebe92950,0x00000000eec80000)
  from space 15872K, 99% used [0x00000000eec80000,0x00000000efbfded0,0x00000000efc00000)
  to   space 19456K, 0% used [0x00000000f0480000,0x00000000f0480000,0x00000000f1780000)
 ParOldGen       total 62976K, used 23253K [0x00000000c1800000, 0x00000000c5580000, 0x00000000eb300000)
  object space 62976K, 36% used [0x00000000c1800000,0x00000000c2eb54c0,0x00000000c5580000)
 Metaspace       used 34679K, capacity 35168K, committed 35416K, reserved 1081344K
  class space    used 4380K, capacity 4528K, committed 4608K, reserved 1048576K
Event: 3.737 GC heap after
Heap after GC invocations=9 (full 1):
 PSYoungGen      total 83968K, used 10580K [0x00000000eb300000, 0x00000000f2980000, 0x0000000100000000)
  eden space 64512K, 0% used [0x00000000eb300000,0x00000000eb300000,0x00000000ef200000)
  from space 19456K, 54% used [0x00000000f0480000,0x00000000f0ed5250,0x00000000f1780000)
  to   space 18944K, 0% used [0x00000000ef200000,0x00000000ef200000,0x00000000f0480000)
 ParOldGen       total 62976K, used 23261K [0x00000000c1800000, 0x00000000c5580000, 0x00000000eb300000)
  object space 62976K, 36% used [0x00000000c1800000,0x00000000c2eb74c0,0x00000000c5580000)
 Metaspace       used 34679K, capacity 35168K, committed 35416K, reserved 1081344K
  class space    used 4380K, capacity 4528K, committed 4608K, reserved 1048576K
}
Event: 3.737 GC heap before
{Heap before GC invocations=10 (full 2):
 PSYoungGen      total 83968K, used 10580K [0x00000000eb300000, 0x00000000f2980000, 0x0000000100000000)
  eden space 64512K, 0% used [0x00000000eb300000,0x00000000eb300000,0x00000000ef200000)
  from space 19456K, 54% used [0x00000000f0480000,0x00000000f0ed5250,0x00000000f1780000)
  to   space 18944K, 0% used [0x00000000ef200000,0x00000000ef200000,0x00000000f0480000)
 ParOldGen       total 62976K, used 23261K [0x00000000c1800000, 0x00000000c5580000, 0x00000000eb300000)
  object space 62976K, 36% used [0x00000000c1800000,0x00000000c2eb74c0,0x00000000c5580000)
 Metaspace       used 34679K, capacity 35168K, committed 35416K, reserved 1081344K
  class space    used 4380K, capacity 4528K, committed 4608K, reserved 1048576K
Event: 3.828 GC heap after
Heap after GC invocations=10 (full 2):
 PSYoungGen      total 83968K, used 0K [0x00000000eb300000, 0x00000000f2980000, 0x0000000100000000)
  eden space 64512K, 0% used [0x00000000eb300000,0x00000000eb300000,0x00000000ef200000)
  from space 19456K, 0% used [0x00000000f0480000,0x00000000f0480000,0x00000000f1780000)
  to   space 18944K, 0% used [0x00000000ef200000,0x00000000ef200000,0x00000000f0480000)
 ParOldGen       total 62976K, used 29671K [0x00000000c1800000, 0x00000000c5580000, 0x00000000eb300000)
  object space 62976K, 47% used [0x00000000c1800000,0x00000000c34f9c18,0x00000000c5580000)
 Metaspace       used 34679K, capacity 35168K, committed 35416K, reserved 1081344K
  class space    used 4380K, capacity 4528K, committed 4608K, reserved 1048576K
}

Deoptimization events (10 events):
Event: 3.661 Thread 0x00000000030ce800 Uncommon trap: reason=unstable_if action=reinterpret pc=0x0000000003348ffc method=sun.nio.cs.UTF_8$Decoder.decode([BII[C)I @ 30
Event: 3.661 Thread 0x00000000030ce800 Uncommon trap: reason=unstable_if action=reinterpret pc=0x000000000334f810 method=sun.net.www.ParseUtil.encodePath(Ljava/lang/String;Z)Ljava/lang/String; @ 81
Event: 3.677 Thread 0x00000000030ce800 Uncommon trap: reason=class_check action=maybe_recompile pc=0x0000000003657194 method=gnu.trove.TObjectHash.computeHashCode(Ljava/lang/Object;)I @ 5
Event: 3.981 Thread 0x00000000030ce800 Uncommon trap: reason=class_check action=maybe_recompile pc=0x0000000003651f20 method=gnu.trove.TObjectHash.computeHashCode(Ljava/lang/Object;)I @ 5
Event: 4.100 Thread 0x00000000030ce800 Uncommon trap: reason=unstable_if action=reinterpret pc=0x00000000038a5820 method=java.text.StringCharacterIterator.current()C @ 19
Event: 4.192 Thread 0x00000000030ce800 Uncommon trap: reason=bimorphic action=maybe_recompile pc=0x00000000036d62a4 method=org.jetbrains.kotlin.protobuf.CodedInputStream.tryRefillBuffer(I)Z @ 177
Event: 4.197 Thread 0x00000000030ce800 Uncommon trap: reason=bimorphic action=maybe_recompile pc=0x00000000036d62a4 method=org.jetbrains.kotlin.protobuf.CodedInputStream.tryRefillBuffer(I)Z @ 177
Event: 4.205 Thread 0x00000000030ce800 Uncommon trap: reason=unstable_if action=reinterpret pc=0x00000000039253f4 method=org.jetbrains.org.objectweb.asm.ClassReader.readUtf(II[C)Ljava/lang/String; @ 41
Event: 4.207 Thread 0x00000000030ce800 Uncommon trap: reason=unstable_if action=reinterpret pc=0x00000000038ef5a0 method=org.jetbrains.org.objectweb.asm.ClassReader.readUtf(II[C)Ljava/lang/String; @ 41
Event: 4.208 Thread 0x00000000030ce800 Uncommon trap: reason=unstable_if action=reinterpret pc=0x00000000038b74a0 method=org.jetbrains.org.objectweb.asm.ClassReader.readUtf(II[C)Ljava/lang/String; @ 41

Classes redefined (0 events):
No events

Internal exceptions (10 events):
Event: 3.059 Thread 0x00000000030ce800 Exception <a 'java/lang/ArrayIndexOutOfBoundsException': 126> (0x00000000ec8bef40) thrown at [C:\src\AOSP-openjdk-git\hotspot\src\share\vm\interpreter\interpreterRuntime.cpp, line 368]
Event: 3.060 Thread 0x00000000030ce800 Exception <a 'java/lang/ArrayIndexOutOfBoundsException': 86> (0x00000000ec8c03c8) thrown at [C:\src\AOSP-openjdk-git\hotspot\src\share\vm\interpreter\interpreterRuntime.cpp, line 368]
Event: 3.121 Thread 0x00000000030ce800 Exception <a 'java/lang/ArrayIndexOutOfBoundsException'> (0x00000000ecd1b520) thrown at [C:\src\AOSP-openjdk-git\hotspot\src\share\vm\runtime\sharedRuntime.cpp, line 605]
Event: 3.121 Thread 0x00000000030ce800 Exception <a 'java/lang/ArrayIndexOutOfBoundsException'> (0x00000000ecd1c808) thrown at [C:\src\AOSP-openjdk-git\hotspot\src\share\vm\runtime\sharedRuntime.cpp, line 605]
Event: 3.122 Thread 0x00000000030ce800 Exception <a 'java/lang/ArrayIndexOutOfBoundsException'> (0x00000000ecd21680) thrown at [C:\src\AOSP-openjdk-git\hotspot\src\share\vm\runtime\sharedRuntime.cpp, line 605]
Event: 3.122 Thread 0x00000000030ce800 Exception <a 'java/lang/ArrayIndexOutOfBoundsException'> (0x00000000ecd22a48) thrown at [C:\src\AOSP-openjdk-git\hotspot\src\share\vm\runtime\sharedRuntime.cpp, line 605]
Event: 3.122 Thread 0x00000000030ce800 Exception <a 'java/lang/ArrayIndexOutOfBoundsException'> (0x00000000ecd239f0) thrown at [C:\src\AOSP-openjdk-git\hotspot\src\share\vm\runtime\sharedRuntime.cpp, line 605]
Event: 3.853 Thread 0x00000000030ce800 Exception <a 'java/lang/NoSuchMethodError': java.lang.Object.lambda$static$0(I)[Lorg/jetbrains/kotlin/psi/KtExpression;> (0x00000000eb3d8580) thrown at [C:\src\AOSP-openjdk-git\hotspot\src\share\vm\interpreter\linkResolver.cpp, line 620]
Event: 3.905 Thread 0x00000000030ce800 Exception <a 'java/lang/NoSuchMethodError': java.lang.Object.lambda$static$0(I)[Lorg/jetbrains/kotlin/psi/KtDeclaration;> (0x00000000eb6de918) thrown at [C:\src\AOSP-openjdk-git\hotspot\src\share\vm\interpreter\linkResolver.cpp, line 620]
Event: 3.936 Thread 0x00000000030ce800 Exception <a 'java/lang/NoSuchMethodError': java.lang.Object.lambda$static$0(I)[Lorg/jetbrains/kotlin/psi/KtTypeElement;> (0x00000000eb85d370) thrown at [C:\src\AOSP-openjdk-git\hotspot\src\share\vm\interpreter\linkResolver.cpp, line 620]

Events (10 events):
Event: 4.205 loading class org/jetbrains/kotlin/load/kotlin/header/ReadKotlinClassHeaderAnnotationVisitor$KotlinMetadataArgumentVisitor$2
Event: 4.205 loading class org/jetbrains/kotlin/load/kotlin/header/ReadKotlinClassHeaderAnnotationVisitor$KotlinMetadataArgumentVisitor$2 done
Event: 4.206 loading class org/jetbrains/kotlin/load/kotlin/header/KotlinClassHeader
Event: 4.206 loading class org/jetbrains/kotlin/load/kotlin/header/KotlinClassHeader done
Event: 4.207 Thread 0x00000000030ce800 Uncommon trap: trap_request=0xffffff65 fr.pc=0x00000000038ef5a0
Event: 4.207 Thread 0x00000000030ce800 DEOPT PACKING pc=0x00000000038ef5a0 sp=0x00000000017379b0
Event: 4.207 Thread 0x00000000030ce800 DEOPT UNPACKING pc=0x000000000313557b sp=0x0000000001737900 mode 2
Event: 4.208 Thread 0x00000000030ce800 Uncommon trap: trap_request=0xffffff65 fr.pc=0x00000000038b74a0
Event: 4.208 Thread 0x00000000030ce800 DEOPT PACKING pc=0x00000000038b74a0 sp=0x0000000001737940
Event: 4.208 Thread 0x00000000030ce800 DEOPT UNPACKING pc=0x000000000313557b sp=0x0000000001737900 mode 2


Dynamic libraries:
0x00007ff7f9ad0000 - 0x00007ff7f9b01000 	C:\Program Files\Android\Android Studio\jre\jre\bin\java.exe
0x00007ffeffed0000 - 0x00007fff000c5000 	C:\WINDOWS\SYSTEM32\ntdll.dll
0x00007ffeff580000 - 0x00007ffeff63d000 	C:\WINDOWS\System32\KERNEL32.DLL
0x00007ffefdb30000 - 0x00007ffefddf8000 	C:\WINDOWS\System32\KERNELBASE.dll
0x00007ffefe930000 - 0x00007ffefe9dc000 	C:\WINDOWS\System32\ADVAPI32.dll
0x00007ffefea00000 - 0x00007ffefea9e000 	C:\WINDOWS\System32\msvcrt.dll
0x00007ffeffdf0000 - 0x00007ffeffe8b000 	C:\WINDOWS\System32\sechost.dll
0x00007ffeff110000 - 0x00007ffeff23b000 	C:\WINDOWS\System32\RPCRT4.dll
0x00007ffeffc50000 - 0x00007ffeffdf0000 	C:\WINDOWS\System32\USER32.dll
0x00007ffefdb00000 - 0x00007ffefdb22000 	C:\WINDOWS\System32\win32u.dll
0x00007ffefeaa0000 - 0x00007ffefeaca000 	C:\WINDOWS\System32\GDI32.dll
0x00007ffefd610000 - 0x00007ffefd71b000 	C:\WINDOWS\System32\gdi32full.dll
0x00007ffefd900000 - 0x00007ffefd99d000 	C:\WINDOWS\System32\msvcp_win.dll
0x00007ffefd9a0000 - 0x00007ffefdaa0000 	C:\WINDOWS\System32\ucrtbase.dll
0x00007ffee6890000 - 0x00007ffee6b2a000 	C:\WINDOWS\WinSxS\amd64_microsoft.windows.common-controls_6595b64144ccf1df_6.0.19041.844_none_ca00b6081b84eb1d\COMCTL32.dll
0x00007ffefe150000 - 0x00007ffefe180000 	C:\WINDOWS\System32\IMM32.DLL
0x0000000072aa0000 - 0x0000000072b72000 	C:\Program Files\Android\Android Studio\jre\jre\bin\msvcr100.dll
0x0000000073650000 - 0x0000000073e9b000 	C:\Program Files\Android\Android Studio\jre\jre\bin\server\jvm.dll
0x00007ffefe9f0000 - 0x00007ffefe9f8000 	C:\WINDOWS\System32\PSAPI.DLL
0x00007ffee6ce0000 - 0x00007ffee6d07000 	C:\WINDOWS\SYSTEM32\WINMM.dll
0x00007ffef6940000 - 0x00007ffef694a000 	C:\WINDOWS\SYSTEM32\VERSION.dll
0x00007ffef4fd0000 - 0x00007ffef4fd9000 	C:\WINDOWS\SYSTEM32\WSOCK32.dll
0x00007ffeff0a0000 - 0x00007ffeff10b000 	C:\WINDOWS\System32\WS2_32.dll
0x00007ffeecd00000 - 0x00007ffeecd0f000 	C:\Program Files\Android\Android Studio\jre\jre\bin\verify.dll
0x00007ffeec110000 - 0x00007ffeec139000 	C:\Program Files\Android\Android Studio\jre\jre\bin\java.dll
0x00007ffeec190000 - 0x00007ffeec1a6000 	C:\Program Files\Android\Android Studio\jre\jre\bin\zip.dll
0x00007ffefe180000 - 0x00007ffefe8c2000 	C:\WINDOWS\System32\SHELL32.dll
0x00007ffefb680000 - 0x00007ffefbe11000 	C:\WINDOWS\SYSTEM32\windows.storage.dll
0x00007ffefeb30000 - 0x00007ffefee85000 	C:\WINDOWS\System32\combase.dll
0x00007ffefd080000 - 0x00007ffefd0ac000 	C:\WINDOWS\SYSTEM32\Wldp.dll
0x00007ffeff4b0000 - 0x00007ffeff55e000 	C:\WINDOWS\System32\SHCORE.dll
0x00007ffefead0000 - 0x00007ffefeb25000 	C:\WINDOWS\System32\shlwapi.dll
0x00007ffefd550000 - 0x00007ffefd56f000 	C:\WINDOWS\SYSTEM32\profapi.dll
0x00007ffeeb900000 - 0x00007ffeeb91a000 	C:\Program Files\Android\Android Studio\jre\jre\bin\net.dll
0x00007ffefcdf0000 - 0x00007ffefce5a000 	C:\WINDOWS\system32\mswsock.dll
0x00007ffee4e10000 - 0x00007ffee4e23000 	C:\Program Files\Android\Android Studio\jre\jre\bin\nio.dll

VM Arguments:
java_command: org.jetbrains.kotlin.cli.jvm.K2JVMCompiler @C:\Users\DESKTOPGE\AndroidStudioProjects\UserProfileInfo\app\build\20210511_8659390306702618946.compiler.options
java_class_path (initial): C:\Users\DESKTOPGE\.gradle\caches\modules-2\files-2.1\org.jetbrains.kotlin\kotlin-compiler-embeddable\1.4.32\b4fc9be460ca88eecea2303e142ce2920bd14775\kotlin-compiler-embeddable-1.4.32.jar;C:\Users\DESKTOPGE\.gradle\caches\modules-2\files-2.1\org.jetbrains.kotlin\kotlin-reflect\1.4.32\ce852b166d97f0f1991b5130c2bb02e2ef6c554e\kotlin-reflect-1.4.32.jar;C:\Users\DESKTOPGE\.gradle\caches\modules-2\files-2.1\org.jetbrains.kotlin\kotlin-stdlib\1.4.32\461367948840adbb0839c51d91ed74ef4a9ccb52\kotlin-stdlib-1.4.32.jar;C:\Users\DESKTOPGE\.gradle\caches\modules-2\files-2.1\org.jetbrains.kotlin\kotlin-script-runtime\1.4.32\bac50b0748be017dbc13fc1cb7231b1c9da0e106\kotlin-script-runtime-1.4.32.jar;C:\Users\DESKTOPGE\.gradle\caches\modules-2\files-2.1\org.jetbrains.kotlin\kotlin-daemon-embeddable\1.4.32\b40c5de5adea26ebb4e5fc36945c482ac20acee2\kotlin-daemon-embeddable-1.4.32.jar;C:\Users\DESKTOPGE\.gradle\caches\modules-2\files-2.1\org.jetbrains.intellij.deps\trove4j\1.0.20181211\216c2e14b070f334479d800987affe4054cd563f\trove4j-1.0.20181211.jar;C:\Users\DESKTOPGE\.gradle\caches\modules-2\files-2.1\org.jetbrains.kotlin\kotlin-stdlib-common\1.4.32\ef50bfa2c0491a11dcc35d9822edbfd6170e1ea2\kotlin-stdlib-common-1.4.32.jar;C:\Users\DESKTOPGE\.gradle\caches\modules-2\files-2.1\org.jetbrains\annotations\13.0\919f0dfe192fb4e063e7dacadee7f8bb9a2672a9\annotations-13.0.jar;C:\Program Files\Android\Android Studio\jre\lib\tools.jar
Launcher Type: SUN_STANDARD

Environment Variables:
PATH=C:\Windows\system32;C:\Windows;C:\Windows\System32\Wbem;C:\Windows\System32\WindowsPowerShell\v1.0\;C:\Windows\System32\OpenSSH\;C:\Program Files (x86)\NVIDIA Corporation\PhysX\Common;C:\Program Files\Git\cmd;C:\WINDOWS\system32;C:\WINDOWS;C:\WINDOWS\System32\Wbem;C:\WINDOWS\System32\WindowsPowerShell\v1.0\;C:\WINDOWS\System32\OpenSSH\;C:\Users\DESKTOPGE\AppData\Local\Microsoft\WindowsApps;
USERNAME=DESKTOPGE
OS=Windows_NT
PROCESSOR_IDENTIFIER=Intel64 Family 6 Model 78 Stepping 3, GenuineIntel



---------------  S Y S T E M  ---------------

OS: Windows 10.0 , 64 bit Build 19041 (10.0.19041.928)

CPU:total 4 (initial active 4) (2 cores per cpu, 2 threads per core) family 6 model 78 stepping 3, cmov, cx8, fxsr, mmx, sse, sse2, sse3, ssse3, sse4.1, sse4.2, popcnt, avx, avx2, aes, clmul, erms, 3dnowpref, lzcnt, ht, tsc, tscinvbit, bmi1, bmi2, adx

Memory: 4k page, physical 4090720k(888940k free), swap 16673632k(1432k free)

vm_info: OpenJDK 64-Bit Server VM (25.242-b01) for windows-amd64 JRE (1.8.0_242-release-1644-b01), built by "builder" with MS VC++ 10.0 (VS2010)

time: Tue May 11 04:37:56 2021
timezone: Pacific Daylight Time
elapsed time: 4 seconds (0d 0h 0m 4s)

